<?xml version="1.0" encoding="UTF-8"?>
<!-- Generated by org.testng.reporters.JUnitReportReporter -->
<testsuite skipped="4" hostname="DESKTOP-71MVPRD" name="Amazon.AmazonCheckoutTest" tests="16" failures="0" timestamp="2024-09-09T14:33:47 IST" time="51.429" errors="0">
  <testcase name="OpenBrowserAndHandleCaptcha" time="20.790" classname="Amazon.AmazonCheckoutTest"/>
  <system-out/>
  <testcase name="Searchfortheproduct" time="6.479" classname="Amazon.AmazonCheckoutTest"/>
  <system-out/>
  <testcase name="clickonfirstproduct" time="9.332" classname="Amazon.AmazonCheckoutTest"/>
  <system-out/>
  <testcase name="addfilter" time="1.619" classname="Amazon.AmazonCheckoutTest"/>
  <system-out/>
  <testcase name="addcart" time="7.087" classname="Amazon.AmazonCheckoutTest"/>
  <system-out/>
  <testcase name="verifycartproduct" time="0.453" classname="Amazon.AmazonCheckoutTest"/>
  <system-out/>
  <testcase name="clickcheckout" time="2.055" classname="Amazon.AmazonCheckoutTest"/>
  <system-out/>
  <testcase name="enterUsername" time="0.215" classname="Amazon.AmazonCheckoutTest"/>
  <system-out/>
  <testcase name="clickContinuebttn" time="1.944" classname="Amazon.AmazonCheckoutTest"/>
  <system-out/>
  <testcase name="enterPassword" time="0.131" classname="Amazon.AmazonCheckoutTest"/>
  <system-out/>
  <testcase name="clickSignIn" time="0.164" classname="Amazon.AmazonCheckoutTest"/>
  <system-out/>
  <testcase name="tearof" time="1.160" classname="Amazon.AmazonCheckoutTest"/>
  <system-out/>
  <testcase name="placeOrder" classname="Amazon.AmazonCheckoutTest">
    <skipped/>
  </testcase> <!-- placeOrder -->
  <system-out/>
  <testcase name="fillInfo" classname="Amazon.AmazonCheckoutTest">
    <skipped/>
  </testcase> <!-- fillInfo -->
  <system-out/>
  <testcase name="useaddress" classname="Amazon.AmazonCheckoutTest">
    <skipped/>
  </testcase> <!-- useaddress -->
  <system-out/>
  <testcase name="paymentInfo" classname="Amazon.AmazonCheckoutTest">
    <skipped/>
  </testcase> <!-- paymentInfo -->
  <system-out/>
</testsuite> <!-- Amazon.AmazonCheckoutTest -->
